04122023 19:27:54 : 
04122023 19:27:54 : bin not matched
04122023 19:27:54 : lib matched
04122023 19:27:55 : cfg matched
----------------------------------------------
04132023 16:17:42 : 
04132023 16:17:42 : bin matched
04132023 16:17:42 : lib matched
04132023 16:17:43 : cfg not matched
----------------------------------------------
04132023 16:25:11 : 
04132023 16:25:11 : bin matched
04132023 16:25:12 : lib not matched
04132023 16:25:12 : cfg matched
----------------------------------------------
04132023 16:28:47 : 
04132023 16:28:47 : bin matched
04132023 16:28:47 : lib matched
04132023 16:28:48 : cfg not matched
----------------------------------------------
04132023 16:30:09 : 
04132023 16:30:09 : bin matched
04132023 16:30:09 : lib matched
04132023 16:30:10 : cfg matched
----------------------------------------------
