	$LF
	$LF
	$SPACE $SPACE $SPACE $SPACE $SPACE $SPACE $SPACE $SPACE $SPACE $SPACE WELCOME
	$SPACE TO $SPACE $ACQINST $SPACE ATM
	$LF
	$LF
	ATM $SPACE ID $SPACE : $SPACE 
	$TERMINAL_ID 
	$SPACE $SPACE
	$SPACE $SPACE
	
	TXN $SPACE NO $SPACE : $SPACE $TRACE
	$LF

	DATE $SPACE  :  $SPACE  $DATE[/]
	$SPACE $SPACE
	$SPACE $SPACE
	$SPACE $SPACE
	
		
	TIME $SPACE  :  $SPACE  $TIME[:]
	$LF
	$SPACE $SPACE
	$SPACE $SPACE
	$SPACE $SPACE
	$SPACE $SPACE
	$TRANSACTION
	$LF
	LOCATION $SPACE : $SPACE 
	$TERMLOC		
	$LF


	CARD $SPACE NO $SPACE : $SPACE 
	$MCHN
	$LF
	ACCT $SPACE NO $SPACE : $SPACE $FROM_ACCT
	$LF
