	$LF
	$SPACE $SPACE $SPACE $SPACE $SPACE $SPACE $SPACE  SIB $SPACE LIBERIA $SPACE LIMITED
	$LF
	DATE $SPACE  :  $SPACE  $DATE[/]
	$SPACE $SPACE
	$SPACE $SPACE
	TIME $SPACE  :  $SPACE  $TIME[:]
	$LF
	ATM $SPACE ID $SPACE : $SPACE 
	$TERMINAL_ID 
	$SPACE $SPACE
	$SPACE $SPACE
	SEQ $SPACE NO $SPACE : $SPACE $TRACE
	$LF
	TRACE $SPACE NO $SPACE : $SPACE $REFNUM
	$LF
	TXN $SPACE TYPE $SPACE : $SPACE $TRANSACTION
	$LF
	LOCATION $SPACE : $SPACE $TERMLOC
	$LF
	CARD $SPACE $SPACE NO $SPACE : $SPACE $CARD[6,] ****** $CHN[16,20,]
	$LF
	
